[0826/190158.898:ERROR:process_reader_win.cc(151)] SuspendThread: Access is denied. (0x5)
[0826/190158.914:ERROR:process_reader_win.cc(151)] SuspendThread: Access is denied. (0x5)
[0826/190158.914:ERROR:process_reader_win.cc(151)] SuspendThread: Access is denied. (0x5)
[0826/190158.914:ERROR:process_reader_win.cc(151)] SuspendThread: Access is denied. (0x5)
[0826/190158.914:ERROR:process_reader_win.cc(151)] SuspendThread: Access is denied. (0x5)
[0826/190158.914:ERROR:process_reader_win.cc(151)] SuspendThread: Access is denied. (0x5)
[0826/190158.914:ERROR:process_reader_win.cc(151)] SuspendThread: Access is denied. (0x5)
[0826/190158.914:ERROR:process_reader_win.cc(151)] SuspendThread: Access is denied. (0x5)
[0826/190158.914:ERROR:process_reader_win.cc(151)] SuspendThread: Access is denied. (0x5)
[0826/190159.098:ERROR:process_reader_win.cc(151)] SuspendThread: Access is denied. (0x5)
[0826/190159.098:ERROR:process_reader_win.cc(151)] SuspendThread: Access is denied. (0x5)
[0826/190159.098:ERROR:process_reader_win.cc(151)] SuspendThread: Access is denied. (0x5)
[0826/190159.098:ERROR:process_reader_win.cc(151)] SuspendThread: Access is denied. (0x5)
[0826/190159.098:ERROR:process_reader_win.cc(151)] SuspendThread: Access is denied. (0x5)
[0826/190159.098:ERROR:process_reader_win.cc(123)] NtOpenThread: {Access Denied} A process has requested access to an object, but has not been granted those access rights. (0xc0000022)
[0826/190159.098:ERROR:exception_snapshot_win.cc(98)] thread ID 14924 not found in process
[0826/190159.130:ERROR:process_reader_win.cc(151)] SuspendThread: Access is denied. (0x5)
[0826/190159.130:ERROR:process_reader_win.cc(151)] SuspendThread: Access is denied. (0x5)
[0826/190159.130:ERROR:process_reader_win.cc(151)] SuspendThread: Access is denied. (0x5)
[0826/190159.130:ERROR:process_reader_win.cc(151)] SuspendThread: Access is denied. (0x5)
[0826/190159.130:ERROR:process_reader_win.cc(151)] SuspendThread: Access is denied. (0x5)
[0826/190159.130:ERROR:process_reader_win.cc(151)] SuspendThread: Access is denied. (0x5)
[0826/190159.130:ERROR:process_reader_win.cc(151)] SuspendThread: Access is denied. (0x5)
[0826/190159.130:ERROR:process_reader_win.cc(151)] SuspendThread: Access is denied. (0x5)
[0826/190159.130:ERROR:process_reader_win.cc(123)] NtOpenThread: {Access Denied} A process has requested access to an object, but has not been granted those access rights. (0xc0000022)
[0826/190159.130:ERROR:exception_snapshot_win.cc(98)] thread ID 14084 not found in process
[0826/190159.138:ERROR:process_reader_win.cc(151)] SuspendThread: Access is denied. (0x5)
[0826/190159.138:ERROR:process_reader_win.cc(151)] SuspendThread: Access is denied. (0x5)
[0826/190159.138:ERROR:process_reader_win.cc(151)] SuspendThread: Access is denied. (0x5)
[0826/190159.138:ERROR:process_reader_win.cc(151)] SuspendThread: Access is denied. (0x5)
[0826/190159.138:ERROR:process_reader_win.cc(151)] SuspendThread: Access is denied. (0x5)
[0826/190159.138:ERROR:process_reader_win.cc(151)] SuspendThread: Access is denied. (0x5)
[0826/190159.138:ERROR:process_reader_win.cc(151)] SuspendThread: Access is denied. (0x5)
[0826/190159.138:ERROR:process_reader_win.cc(123)] NtOpenThread: {Access Denied} A process has requested access to an object, but has not been granted those access rights. (0xc0000022)
[0826/190159.138:ERROR:exception_snapshot_win.cc(98)] thread ID 7932 not found in process
[0826/190159.146:ERROR:process_reader_win.cc(151)] SuspendThread: Access is denied. (0x5)
[0826/190159.146:ERROR:process_reader_win.cc(151)] SuspendThread: Access is denied. (0x5)
[0826/190159.146:ERROR:process_reader_win.cc(151)] SuspendThread: Access is denied. (0x5)
[0826/190159.146:ERROR:process_reader_win.cc(151)] SuspendThread: Access is denied. (0x5)
[0826/190159.146:ERROR:process_reader_win.cc(151)] SuspendThread: Access is denied. (0x5)
[0826/190159.146:ERROR:process_reader_win.cc(151)] SuspendThread: Access is denied. (0x5)
[0826/190159.146:ERROR:process_reader_win.cc(151)] SuspendThread: Access is denied. (0x5)
[0826/190159.146:ERROR:process_reader_win.cc(123)] NtOpenThread: {Access Denied} A process has requested access to an object, but has not been granted those access rights. (0xc0000022)
[0826/190159.146:ERROR:exception_snapshot_win.cc(98)] thread ID 13844 not found in process
[0826/190159.146:ERROR:process_reader_win.cc(151)] SuspendThread: Access is denied. (0x5)
[0826/190159.146:ERROR:process_reader_win.cc(151)] SuspendThread: Access is denied. (0x5)
[0826/190159.146:ERROR:process_reader_win.cc(151)] SuspendThread: Access is denied. (0x5)
[0826/190159.146:ERROR:process_reader_win.cc(151)] SuspendThread: Access is denied. (0x5)
[0826/190159.146:ERROR:process_reader_win.cc(151)] SuspendThread: Access is denied. (0x5)
[0826/190159.146:ERROR:process_reader_win.cc(151)] SuspendThread: Access is denied. (0x5)
[0826/190159.146:ERROR:process_reader_win.cc(151)] SuspendThread: Access is denied. (0x5)
[0826/190159.146:ERROR:process_reader_win.cc(123)] NtOpenThread: {Access Denied} A process has requested access to an object, but has not been granted those access rights. (0xc0000022)
[0826/190159.146:ERROR:exception_snapshot_win.cc(98)] thread ID 8204 not found in process
[0826/190158.914:ERROR:process_reader_win.cc(123)] NtOpenThread: {Access Denied} A process has requested access to an object, but has not been granted those access rights. (0xc0000022)
[0826/190159.146:ERROR:exception_snapshot_win.cc(98)] thread ID 2560 not found in process
[0826/190159.050:ERROR:process_reader_win.cc(151)] SuspendThread: Access is denied. (0x5)
[0826/190159.146:ERROR:process_reader_win.cc(151)] SuspendThread: Access is denied. (0x5)
[0826/190159.146:ERROR:process_reader_win.cc(151)] SuspendThread: Access is denied. (0x5)
[0826/190159.146:ERROR:process_reader_win.cc(151)] SuspendThread: Access is denied. (0x5)
[0826/190159.146:ERROR:process_reader_win.cc(151)] SuspendThread: Access is denied. (0x5)
[0826/190159.146:ERROR:process_reader_win.cc(151)] SuspendThread: Access is denied. (0x5)
[0826/190159.146:ERROR:process_reader_win.cc(151)] SuspendThread: Access is denied. (0x5)
[0826/190159.146:ERROR:process_reader_win.cc(151)] SuspendThread: Access is denied. (0x5)
[0826/190159.146:ERROR:process_reader_win.cc(123)] NtOpenThread: {Access Denied} A process has requested access to an object, but has not been granted those access rights. (0xc0000022)
[0826/190159.146:ERROR:exception_snapshot_win.cc(98)] thread ID 15796 not found in process
[0826/190159.050:ERROR:process_reader_win.cc(151)] SuspendThread: Access is denied. (0x5)
[0826/190159.154:ERROR:process_reader_win.cc(151)] SuspendThread: Access is denied. (0x5)
[0826/190159.154:ERROR:process_reader_win.cc(151)] SuspendThread: Access is denied. (0x5)
[0826/190159.154:ERROR:process_reader_win.cc(151)] SuspendThread: Access is denied. (0x5)
[0826/190159.154:ERROR:process_reader_win.cc(151)] SuspendThread: Access is denied. (0x5)
[0826/190159.154:ERROR:process_reader_win.cc(151)] SuspendThread: Access is denied. (0x5)
[0826/190159.154:ERROR:process_reader_win.cc(151)] SuspendThread: Access is denied. (0x5)
[0826/190159.154:ERROR:process_reader_win.cc(151)] SuspendThread: Access is denied. (0x5)
[0826/190159.154:ERROR:process_reader_win.cc(123)] NtOpenThread: {Access Denied} A process has requested access to an object, but has not been granted those access rights. (0xc0000022)
[0826/190159.154:ERROR:exception_snapshot_win.cc(98)] thread ID 14108 not found in process
[0826/190159.154:ERROR:process_reader_win.cc(151)] SuspendThread: Access is denied. (0x5)
[0826/190159.154:ERROR:process_reader_win.cc(151)] SuspendThread: Access is denied. (0x5)
[0826/190159.162:ERROR:process_reader_win.cc(151)] SuspendThread: Access is denied. (0x5)
[0826/190159.162:ERROR:process_reader_win.cc(151)] SuspendThread: Access is denied. (0x5)
[0826/190159.162:ERROR:process_reader_win.cc(151)] SuspendThread: Access is denied. (0x5)
[0826/190159.162:ERROR:process_reader_win.cc(123)] NtOpenThread: {Access Denied} A process has requested access to an object, but has not been granted those access rights. (0xc0000022)
[0826/190159.162:ERROR:exception_snapshot_win.cc(98)] thread ID 17072 not found in process
[0826/190159.178:ERROR:process_reader_win.cc(151)] SuspendThread: Access is denied. (0x5)
[0826/190159.194:ERROR:process_reader_win.cc(151)] SuspendThread: Access is denied. (0x5)
[0826/190159.194:ERROR:process_reader_win.cc(151)] SuspendThread: Access is denied. (0x5)
[0826/190159.194:ERROR:process_reader_win.cc(151)] SuspendThread: Access is denied. (0x5)
[0826/190159.194:ERROR:process_reader_win.cc(151)] SuspendThread: Access is denied. (0x5)
[0826/190159.194:ERROR:process_reader_win.cc(151)] SuspendThread: Access is denied. (0x5)
[0826/190159.194:ERROR:process_reader_win.cc(151)] SuspendThread: Access is denied. (0x5)
[0826/190159.194:ERROR:process_reader_win.cc(123)] NtOpenThread: {Access Denied} A process has requested access to an object, but has not been granted those access rights. (0xc0000022)
[0826/190159.194:ERROR:exception_snapshot_win.cc(98)] thread ID 9476 not found in process
[0826/190159.202:ERROR:process_reader_win.cc(151)] SuspendThread: Access is denied. (0x5)
[0826/190159.202:ERROR:process_reader_win.cc(151)] SuspendThread: Access is denied. (0x5)
[0826/190159.202:ERROR:process_reader_win.cc(151)] SuspendThread: Access is denied. (0x5)
[0826/190159.202:ERROR:process_reader_win.cc(151)] SuspendThread: Access is denied. (0x5)
[0826/190159.202:ERROR:process_reader_win.cc(151)] SuspendThread: Access is denied. (0x5)
[0826/190159.202:ERROR:process_reader_win.cc(123)] NtOpenThread: {Access Denied} A process has requested access to an object, but has not been granted those access rights. (0xc0000022)
[0826/190159.202:ERROR:exception_snapshot_win.cc(98)] thread ID 3792 not found in process
[0826/190159.154:ERROR:process_reader_win.cc(151)] SuspendThread: Access is denied. (0x5)
[0826/190159.202:ERROR:process_reader_win.cc(151)] SuspendThread: Access is denied. (0x5)
[0826/190159.202:ERROR:process_reader_win.cc(151)] SuspendThread: Access is denied. (0x5)
[0826/190159.202:ERROR:process_reader_win.cc(151)] SuspendThread: Access is denied. (0x5)
[0826/190159.202:ERROR:process_reader_win.cc(151)] SuspendThread: Access is denied. (0x5)
[0826/190159.202:ERROR:process_reader_win.cc(151)] SuspendThread: Access is denied. (0x5)
[0826/190159.202:ERROR:process_reader_win.cc(123)] NtOpenThread: {Access Denied} A process has requested access to an object, but has not been granted those access rights. (0xc0000022)
[0826/190159.202:ERROR:exception_snapshot_win.cc(98)] thread ID 9388 not found in process
[0826/190159.218:ERROR:process_reader_win.cc(151)] SuspendThread: Access is denied. (0x5)
[0826/190159.218:ERROR:process_reader_win.cc(151)] SuspendThread: Access is denied. (0x5)
[0826/190159.218:ERROR:process_reader_win.cc(151)] SuspendThread: Access is denied. (0x5)
[0826/190159.218:ERROR:process_reader_win.cc(151)] SuspendThread: Access is denied. (0x5)
[0826/190159.218:ERROR:process_reader_win.cc(151)] SuspendThread: Access is denied. (0x5)
[0826/190159.218:ERROR:process_reader_win.cc(151)] SuspendThread: Access is denied. (0x5)
[0826/190159.218:ERROR:process_reader_win.cc(151)] SuspendThread: Access is denied. (0x5)
[0826/190159.218:ERROR:process_reader_win.cc(123)] NtOpenThread: {Access Denied} A process has requested access to an object, but has not been granted those access rights. (0xc0000022)
[0826/190159.218:ERROR:exception_snapshot_win.cc(98)] thread ID 12848 not found in process
[0826/190159.226:ERROR:process_reader_win.cc(151)] SuspendThread: Access is denied. (0x5)
[0826/190159.226:ERROR:process_reader_win.cc(151)] SuspendThread: Access is denied. (0x5)
[0826/190159.226:ERROR:process_reader_win.cc(151)] SuspendThread: Access is denied. (0x5)
[0826/190159.226:ERROR:process_reader_win.cc(151)] SuspendThread: Access is denied. (0x5)
[0826/190159.226:ERROR:process_reader_win.cc(151)] SuspendThread: Access is denied. (0x5)
[0826/190159.226:ERROR:process_reader_win.cc(151)] SuspendThread: Access is denied. (0x5)
[0826/190159.226:ERROR:process_reader_win.cc(151)] SuspendThread: Access is denied. (0x5)
[0826/190159.226:ERROR:process_reader_win.cc(151)] SuspendThread: Access is denied. (0x5)
[0826/190159.226:ERROR:process_reader_win.cc(123)] NtOpenThread: {Access Denied} A process has requested access to an object, but has not been granted those access rights. (0xc0000022)
[0826/190159.226:ERROR:exception_snapshot_win.cc(98)] thread ID 14076 not found in process
[0826/190159.306:ERROR:process_reader_win.cc(151)] SuspendThread: Access is denied. (0x5)
[0826/190159.306:ERROR:process_reader_win.cc(151)] SuspendThread: Access is denied. (0x5)
[0826/190159.306:ERROR:process_reader_win.cc(151)] SuspendThread: Access is denied. (0x5)
[0826/190159.306:ERROR:process_reader_win.cc(151)] SuspendThread: Access is denied. (0x5)
[0826/190159.306:ERROR:process_reader_win.cc(151)] SuspendThread: Access is denied. (0x5)
[0826/190159.306:ERROR:process_reader_win.cc(151)] SuspendThread: Access is denied. (0x5)
[0826/190159.306:ERROR:process_reader_win.cc(151)] SuspendThread: Access is denied. (0x5)
[0826/190159.306:ERROR:process_reader_win.cc(151)] SuspendThread: Access is denied. (0x5)
[0826/190159.306:ERROR:process_reader_win.cc(123)] NtOpenThread: {Access Denied} A process has requested access to an object, but has not been granted those access rights. (0xc0000022)
[0826/190159.306:ERROR:exception_snapshot_win.cc(98)] thread ID 5864 not found in process
[0826/190159.322:ERROR:process_reader_win.cc(151)] SuspendThread: Access is denied. (0x5)
[0826/190159.322:ERROR:process_reader_win.cc(151)] SuspendThread: Access is denied. (0x5)
[0826/190159.322:ERROR:process_reader_win.cc(151)] SuspendThread: Access is denied. (0x5)
[0826/190159.322:ERROR:process_reader_win.cc(151)] SuspendThread: Access is denied. (0x5)
[0826/190159.322:ERROR:process_reader_win.cc(151)] SuspendThread: Access is denied. (0x5)
[0826/190159.322:ERROR:process_reader_win.cc(151)] SuspendThread: Access is denied. (0x5)
[0826/190159.322:ERROR:process_reader_win.cc(151)] SuspendThread: Access is denied. (0x5)
[0826/190159.322:ERROR:process_reader_win.cc(123)] NtOpenThread: {Access Denied} A process has requested access to an object, but has not been granted those access rights. (0xc0000022)
[0826/190159.322:ERROR:exception_snapshot_win.cc(98)] thread ID 7356 not found in process
[0826/190159.402:ERROR:process_info.cc(98)] ReadProcessMemory UNICODE_STRING: Only part of a ReadProcessMemory or WriteProcessMemory request was completed. (0x12B)
[0826/190159.402:ERROR:process_info.cc(118)] ReadProcessMemory bool __cdecl crashpad::(anonymous namespace)::ReadStruct(HANDLE, crashpad::WinVMAddress, T *) [T = crashpad::process_types::LDR_DATA_TABLE_ENTRY<crashpad::process_types::internal::Traits32>]: Only part of a ReadProcessMemory or WriteProcessMemory request was completed. (0x12B)
[0826/190159.402:ERROR:process_info.cc(329)] VirtualQueryEx: Access is denied. (0x5)
[0826/190159.402:ERROR:process_info.cc(556)] ReadMemoryInfo failed
[0826/190159.402:ERROR:scoped_process_suspend.cc(40)] NtResumeProcess: An attempt was made to access an exiting process. (0xc000010a)
[0826/190159.442:ERROR:process_reader_win.cc(151)] SuspendThread: Access is denied. (0x5)
[0826/190159.442:ERROR:process_reader_win.cc(151)] SuspendThread: Access is denied. (0x5)
[0826/190159.442:ERROR:process_reader_win.cc(151)] SuspendThread: Access is denied. (0x5)
[0826/190159.442:ERROR:process_reader_win.cc(151)] SuspendThread: Access is denied. (0x5)
[0826/190159.442:ERROR:process_reader_win.cc(151)] SuspendThread: Access is denied. (0x5)
[0826/190159.442:ERROR:process_reader_win.cc(151)] SuspendThread: Access is denied. (0x5)
[0826/190159.442:ERROR:process_reader_win.cc(151)] SuspendThread: Access is denied. (0x5)
[0826/190159.442:ERROR:process_reader_win.cc(151)] SuspendThread: Access is denied. (0x5)
[0826/190159.442:ERROR:exception_snapshot_win.cc(98)] thread ID 19348 not found in process
[0826/190159.466:ERROR:process_reader_win.cc(151)] SuspendThread: Access is denied. (0x5)
[0826/190159.466:ERROR:process_reader_win.cc(151)] SuspendThread: Access is denied. (0x5)
[0826/190159.466:ERROR:process_reader_win.cc(151)] SuspendThread: Access is denied. (0x5)
[0826/190159.466:ERROR:process_reader_win.cc(151)] SuspendThread: Access is denied. (0x5)
[0826/190159.466:ERROR:process_reader_win.cc(151)] SuspendThread: Access is denied. (0x5)
[0826/190159.466:ERROR:process_reader_win.cc(151)] SuspendThread: Access is denied. (0x5)
[0826/190159.474:ERROR:process_reader_win.cc(151)] SuspendThread: Access is denied. (0x5)
[0826/190159.474:ERROR:process_reader_win.cc(151)] SuspendThread: Access is denied. (0x5)
[0826/190159.474:ERROR:exception_snapshot_win.cc(98)] thread ID 8544 not found in process
[0826/190159.482:ERROR:process_info.cc(98)] ReadProcessMemory UNICODE_STRING: Only part of a ReadProcessMemory or WriteProcessMemory request was completed. (0x12B)
[0826/190159.482:ERROR:process_info.cc(118)] ReadProcessMemory bool __cdecl crashpad::(anonymous namespace)::ReadStruct(HANDLE, crashpad::WinVMAddress, T *) [T = crashpad::process_types::LDR_DATA_TABLE_ENTRY<crashpad::process_types::internal::Traits32>]: Only part of a ReadProcessMemory or WriteProcessMemory request was completed. (0x12B)
[0826/190159.482:ERROR:process_info.cc(329)] VirtualQueryEx: Access is denied. (0x5)
[0826/190159.482:ERROR:process_info.cc(556)] ReadMemoryInfo failed
[0826/190159.482:ERROR:scoped_process_suspend.cc(40)] NtResumeProcess: An attempt was made to access an exiting process. (0xc000010a)
[0826/190159.482:ERROR:process_info.cc(98)] ReadProcessMemory UNICODE_STRING: Only part of a ReadProcessMemory or WriteProcessMemory request was completed. (0x12B)
[0826/190159.482:ERROR:process_info.cc(118)] ReadProcessMemory bool __cdecl crashpad::(anonymous namespace)::ReadStruct(HANDLE, crashpad::WinVMAddress, T *) [T = crashpad::process_types::LDR_DATA_TABLE_ENTRY<crashpad::process_types::internal::Traits32>]: Only part of a ReadProcessMemory or WriteProcessMemory request was completed. (0x12B)
[0826/190159.482:ERROR:process_info.cc(329)] VirtualQueryEx: Access is denied. (0x5)
[0826/190159.482:ERROR:process_info.cc(556)] ReadMemoryInfo failed
[0826/190159.482:ERROR:scoped_process_suspend.cc(40)] NtResumeProcess: An attempt was made to access an exiting process. (0xc000010a)
[0826/190159.482:ERROR:process_reader_win.cc(151)] SuspendThread: Access is denied. (0x5)
[0826/190159.482:ERROR:process_reader_win.cc(151)] SuspendThread: Access is denied. (0x5)
[0826/190159.482:ERROR:process_reader_win.cc(151)] SuspendThread: Access is denied. (0x5)
[0826/190159.482:ERROR:process_reader_win.cc(151)] SuspendThread: Access is denied. (0x5)
[0826/190159.482:ERROR:process_reader_win.cc(151)] SuspendThread: Access is denied. (0x5)
[0826/190159.482:ERROR:process_reader_win.cc(151)] SuspendThread: Access is denied. (0x5)
[0826/190159.482:ERROR:process_reader_win.cc(151)] SuspendThread: Access is denied. (0x5)
[0826/190159.482:ERROR:process_reader_win.cc(151)] SuspendThread: Access is denied. (0x5)
[0826/190159.482:ERROR:exception_snapshot_win.cc(98)] thread ID 12020 not found in process
[0826/190159.482:ERROR:process_info.cc(98)] ReadProcessMemory UNICODE_STRING: Only part of a ReadProcessMemory or WriteProcessMemory request was completed. (0x12B)
[0826/190159.482:ERROR:process_info.cc(118)] ReadProcessMemory bool __cdecl crashpad::(anonymous namespace)::ReadStruct(HANDLE, crashpad::WinVMAddress, T *) [T = crashpad::process_types::LDR_DATA_TABLE_ENTRY<crashpad::process_types::internal::Traits32>]: Only part of a ReadProcessMemory or WriteProcessMemory request was completed. (0x12B)
[0826/190159.482:ERROR:process_info.cc(329)] VirtualQueryEx: Access is denied. (0x5)
[0826/190159.482:ERROR:process_info.cc(556)] ReadMemoryInfo failed
[0826/190159.482:ERROR:scoped_process_suspend.cc(40)] NtResumeProcess: An attempt was made to access an exiting process. (0xc000010a)
[0826/190159.498:ERROR:process_reader_win.cc(151)] SuspendThread: Access is denied. (0x5)
[0826/190159.498:ERROR:process_reader_win.cc(151)] SuspendThread: Access is denied. (0x5)
[0826/190159.498:ERROR:process_reader_win.cc(151)] SuspendThread: Access is denied. (0x5)
[0826/190159.498:ERROR:process_reader_win.cc(151)] SuspendThread: Access is denied. (0x5)
[0826/190159.498:ERROR:process_reader_win.cc(151)] SuspendThread: Access is denied. (0x5)
[0826/190159.498:ERROR:process_reader_win.cc(151)] SuspendThread: Access is denied. (0x5)
[0826/190159.498:ERROR:process_reader_win.cc(151)] SuspendThread: Access is denied. (0x5)
[0826/190159.498:ERROR:process_reader_win.cc(151)] SuspendThread: Access is denied. (0x5)
[0826/190159.498:ERROR:exception_snapshot_win.cc(98)] thread ID 7792 not found in process
[0826/190159.514:ERROR:process_reader_win.cc(151)] SuspendThread: Access is denied. (0x5)
[0826/190159.514:ERROR:process_reader_win.cc(151)] SuspendThread: Access is denied. (0x5)
[0826/190159.514:ERROR:process_reader_win.cc(151)] SuspendThread: Access is denied. (0x5)
[0826/190159.514:ERROR:process_reader_win.cc(151)] SuspendThread: Access is denied. (0x5)
[0826/190159.514:ERROR:process_reader_win.cc(151)] SuspendThread: Access is denied. (0x5)
[0826/190159.514:ERROR:process_reader_win.cc(151)] SuspendThread: Access is denied. (0x5)
[0826/190159.514:ERROR:process_reader_win.cc(151)] SuspendThread: Access is denied. (0x5)
[0826/190159.514:ERROR:process_reader_win.cc(151)] SuspendThread: Access is denied. (0x5)
[0826/190159.514:ERROR:exception_snapshot_win.cc(98)] thread ID 10712 not found in process
[0826/190159.530:ERROR:process_reader_win.cc(151)] SuspendThread: Access is denied. (0x5)
[0826/190159.530:ERROR:process_reader_win.cc(151)] SuspendThread: Access is denied. (0x5)
[0826/190159.530:ERROR:process_reader_win.cc(151)] SuspendThread: Access is denied. (0x5)
[0826/190159.530:ERROR:process_reader_win.cc(151)] SuspendThread: Access is denied. (0x5)
[0826/190159.530:ERROR:process_reader_win.cc(151)] SuspendThread: Access is denied. (0x5)
[0826/190159.530:ERROR:process_reader_win.cc(151)] SuspendThread: Access is denied. (0x5)
[0826/190159.530:ERROR:process_reader_win.cc(151)] SuspendThread: Access is denied. (0x5)
[0826/190159.530:ERROR:exception_snapshot_win.cc(98)] thread ID 3024 not found in process
[0826/190159.538:ERROR:process_reader_win.cc(151)] SuspendThread: Access is denied. (0x5)
[0826/190159.538:ERROR:process_reader_win.cc(151)] SuspendThread: Access is denied. (0x5)
[0826/190159.538:ERROR:process_reader_win.cc(151)] SuspendThread: Access is denied. (0x5)
[0826/190159.538:ERROR:process_reader_win.cc(151)] SuspendThread: Access is denied. (0x5)
[0826/190159.538:ERROR:process_reader_win.cc(151)] SuspendThread: Access is denied. (0x5)
[0826/190159.538:ERROR:process_reader_win.cc(151)] SuspendThread: Access is denied. (0x5)
[0826/190159.538:ERROR:process_reader_win.cc(151)] SuspendThread: Access is denied. (0x5)
[0826/190159.538:ERROR:process_reader_win.cc(151)] SuspendThread: Access is denied. (0x5)
[0826/190159.538:ERROR:exception_snapshot_win.cc(98)] thread ID 19836 not found in process
[0826/190159.554:ERROR:process_reader_win.cc(151)] SuspendThread: Access is denied. (0x5)
[0826/190159.554:ERROR:process_reader_win.cc(151)] SuspendThread: Access is denied. (0x5)
[0826/190159.562:ERROR:process_reader_win.cc(151)] SuspendThread: Access is denied. (0x5)
[0826/190159.562:ERROR:process_reader_win.cc(151)] SuspendThread: Access is denied. (0x5)
[0826/190159.562:ERROR:process_reader_win.cc(151)] SuspendThread: Access is denied. (0x5)
[0826/190159.562:ERROR:process_reader_win.cc(151)] SuspendThread: Access is denied. (0x5)
[0826/190159.562:ERROR:process_reader_win.cc(151)] SuspendThread: Access is denied. (0x5)
[0826/190159.562:ERROR:process_reader_win.cc(151)] SuspendThread: Access is denied. (0x5)
[0826/190159.562:ERROR:exception_snapshot_win.cc(98)] thread ID 19160 not found in process
[0826/190159.570:ERROR:process_reader_win.cc(123)] NtOpenThread: {Access Denied} A process has requested access to an object, but has not been granted those access rights. (0xc0000022)
[0826/190159.570:ERROR:exception_snapshot_win.cc(98)] thread ID 13508 not found in process
[0826/190159.578:ERROR:process_reader_win.cc(151)] SuspendThread: Access is denied. (0x5)
[0826/190159.578:ERROR:process_reader_win.cc(151)] SuspendThread: Access is denied. (0x5)
[0826/190159.578:ERROR:process_reader_win.cc(151)] SuspendThread: Access is denied. (0x5)
[0826/190159.578:ERROR:process_reader_win.cc(151)] SuspendThread: Access is denied. (0x5)
[0826/190159.578:ERROR:process_reader_win.cc(151)] SuspendThread: Access is denied. (0x5)
[0826/190159.578:ERROR:process_reader_win.cc(151)] SuspendThread: Access is denied. (0x5)
[0826/190159.578:ERROR:process_reader_win.cc(151)] SuspendThread: Access is denied. (0x5)
[0826/190159.578:ERROR:exception_snapshot_win.cc(98)] thread ID 21004 not found in process
[0826/190159.578:ERROR:process_reader_win.cc(151)] SuspendThread: Access is denied. (0x5)
[0826/190159.578:ERROR:process_reader_win.cc(151)] SuspendThread: Access is denied. (0x5)
[0826/190159.578:ERROR:process_reader_win.cc(151)] SuspendThread: Access is denied. (0x5)
[0826/190159.578:ERROR:process_reader_win.cc(151)] SuspendThread: Access is denied. (0x5)
[0826/190159.578:ERROR:process_reader_win.cc(151)] SuspendThread: Access is denied. (0x5)
[0826/190159.578:ERROR:process_reader_win.cc(151)] SuspendThread: Access is denied. (0x5)
[0826/190159.578:ERROR:process_reader_win.cc(151)] SuspendThread: Access is denied. (0x5)
[0826/190159.578:ERROR:process_reader_win.cc(151)] SuspendThread: Access is denied. (0x5)
[0826/190159.578:ERROR:process_reader_win.cc(151)] SuspendThread: Access is denied. (0x5)
[0826/190159.578:ERROR:exception_snapshot_win.cc(98)] thread ID 19280 not found in process
[0826/190159.586:ERROR:process_reader_win.cc(151)] SuspendThread: Access is denied. (0x5)
[0826/190159.586:ERROR:process_reader_win.cc(151)] SuspendThread: Access is denied. (0x5)
[0826/190159.586:ERROR:process_reader_win.cc(151)] SuspendThread: Access is denied. (0x5)
[0826/190159.586:ERROR:process_reader_win.cc(151)] SuspendThread: Access is denied. (0x5)
[0826/190159.586:ERROR:process_reader_win.cc(151)] SuspendThread: Access is denied. (0x5)
[0826/190159.586:ERROR:process_reader_win.cc(151)] SuspendThread: Access is denied. (0x5)
[0826/190159.586:ERROR:process_reader_win.cc(151)] SuspendThread: Access is denied. (0x5)
[0826/190159.586:ERROR:process_reader_win.cc(151)] SuspendThread: Access is denied. (0x5)
[0826/190159.586:ERROR:exception_snapshot_win.cc(98)] thread ID 7920 not found in process
[0826/190159.586:ERROR:process_reader_win.cc(151)] SuspendThread: Access is denied. (0x5)
[0826/190159.586:ERROR:process_reader_win.cc(151)] SuspendThread: Access is denied. (0x5)
[0826/190159.586:ERROR:process_reader_win.cc(151)] SuspendThread: Access is denied. (0x5)
[0826/190159.586:ERROR:process_reader_win.cc(151)] SuspendThread: Access is denied. (0x5)
[0826/190159.586:ERROR:process_reader_win.cc(151)] SuspendThread: Access is denied. (0x5)
[0826/190159.586:ERROR:process_reader_win.cc(151)] SuspendThread: Access is denied. (0x5)
[0826/190159.586:ERROR:process_reader_win.cc(151)] SuspendThread: Access is denied. (0x5)
[0826/190159.586:ERROR:exception_snapshot_win.cc(98)] thread ID 6372 not found in process
[0826/190159.586:ERROR:process_reader_win.cc(151)] SuspendThread: Access is denied. (0x5)
[0826/190159.586:ERROR:process_reader_win.cc(151)] SuspendThread: Access is denied. (0x5)
[0826/190159.586:ERROR:process_reader_win.cc(151)] SuspendThread: Access is denied. (0x5)
[0826/190159.586:ERROR:process_reader_win.cc(151)] SuspendThread: Access is denied. (0x5)
[0826/190159.586:ERROR:process_reader_win.cc(151)] SuspendThread: Access is denied. (0x5)
[0826/190159.586:ERROR:process_reader_win.cc(151)] SuspendThread: Access is denied. (0x5)
[0826/190159.586:ERROR:process_reader_win.cc(151)] SuspendThread: Access is denied. (0x5)
[0826/190159.586:ERROR:process_reader_win.cc(151)] SuspendThread: Access is denied. (0x5)
[0826/190159.586:ERROR:exception_snapshot_win.cc(98)] thread ID 15516 not found in process
[0826/190159.594:ERROR:process_reader_win.cc(151)] SuspendThread: Access is denied. (0x5)
[0826/190159.594:ERROR:process_reader_win.cc(151)] SuspendThread: Access is denied. (0x5)
[0826/190159.594:ERROR:process_reader_win.cc(151)] SuspendThread: Access is denied. (0x5)
[0826/190159.594:ERROR:process_reader_win.cc(151)] SuspendThread: Access is denied. (0x5)
[0826/190159.594:ERROR:process_reader_win.cc(151)] SuspendThread: Access is denied. (0x5)
[0826/190159.594:ERROR:process_reader_win.cc(151)] SuspendThread: Access is denied. (0x5)
[0826/190159.594:ERROR:process_reader_win.cc(151)] SuspendThread: Access is denied. (0x5)
[0826/190159.594:ERROR:process_reader_win.cc(151)] SuspendThread: Access is denied. (0x5)
[0826/190159.594:ERROR:process_reader_win.cc(151)] SuspendThread: Access is denied. (0x5)
[0826/190159.594:ERROR:process_reader_win.cc(151)] SuspendThread: Access is denied. (0x5)
[0826/190159.594:ERROR:exception_snapshot_win.cc(98)] thread ID 9952 not found in process
[0826/190159.602:ERROR:process_reader_win.cc(151)] SuspendThread: Access is denied. (0x5)
[0826/190159.602:ERROR:process_reader_win.cc(151)] SuspendThread: Access is denied. (0x5)
[0826/190159.602:ERROR:process_reader_win.cc(151)] SuspendThread: Access is denied. (0x5)
[0826/190159.610:ERROR:process_reader_win.cc(151)] SuspendThread: Access is denied. (0x5)
[0826/190159.610:ERROR:process_reader_win.cc(151)] SuspendThread: Access is denied. (0x5)
[0826/190159.610:ERROR:process_reader_win.cc(151)] SuspendThread: Access is denied. (0x5)
[0826/190159.610:ERROR:process_reader_win.cc(151)] SuspendThread: Access is denied. (0x5)
[0826/190159.610:ERROR:process_reader_win.cc(151)] SuspendThread: Access is denied. (0x5)
[0826/190159.610:ERROR:exception_snapshot_win.cc(98)] thread ID 2052 not found in process
[0826/190159.594:ERROR:process_reader_win.cc(151)] SuspendThread: Access is denied. (0x5)
[0826/190159.610:ERROR:process_reader_win.cc(151)] SuspendThread: Access is denied. (0x5)
[0826/190159.610:ERROR:process_reader_win.cc(151)] SuspendThread: Access is denied. (0x5)
[0826/190159.610:ERROR:process_reader_win.cc(151)] SuspendThread: Access is denied. (0x5)
[0826/190159.610:ERROR:process_reader_win.cc(151)] SuspendThread: Access is denied. (0x5)
[0826/190159.610:ERROR:process_reader_win.cc(151)] SuspendThread: Access is denied. (0x5)
[0826/190159.610:ERROR:process_reader_win.cc(151)] SuspendThread: Access is denied. (0x5)
[0826/190159.610:ERROR:process_reader_win.cc(151)] SuspendThread: Access is denied. (0x5)
[0826/190159.610:ERROR:process_reader_win.cc(151)] SuspendThread: Access is denied. (0x5)
[0826/190159.610:ERROR:process_reader_win.cc(151)] SuspendThread: Access is denied. (0x5)
[0826/190159.610:ERROR:process_reader_win.cc(151)] SuspendThread: Access is denied. (0x5)
[0826/190159.610:ERROR:exception_snapshot_win.cc(98)] thread ID 15512 not found in process
[0826/190159.618:ERROR:process_reader_win.cc(151)] SuspendThread: Access is denied. (0x5)
[0826/190159.618:ERROR:process_reader_win.cc(151)] SuspendThread: Access is denied. (0x5)
[0826/190159.618:ERROR:process_reader_win.cc(151)] SuspendThread: Access is denied. (0x5)
[0826/190159.618:ERROR:process_reader_win.cc(151)] SuspendThread: Access is denied. (0x5)
[0826/190159.618:ERROR:process_reader_win.cc(151)] SuspendThread: Access is denied. (0x5)
[0826/190159.618:ERROR:process_reader_win.cc(151)] SuspendThread: Access is denied. (0x5)
[0826/190159.618:ERROR:process_reader_win.cc(151)] SuspendThread: Access is denied. (0x5)
[0826/190159.618:ERROR:process_reader_win.cc(151)] SuspendThread: Access is denied. (0x5)
[0826/190159.618:ERROR:exception_snapshot_win.cc(98)] thread ID 5256 not found in process
[0826/190159.658:ERROR:process_reader_win.cc(151)] SuspendThread: Access is denied. (0x5)
[0826/190159.658:ERROR:process_reader_win.cc(151)] SuspendThread: Access is denied. (0x5)
[0826/190159.658:ERROR:process_reader_win.cc(151)] SuspendThread: Access is denied. (0x5)
[0826/190159.658:ERROR:process_reader_win.cc(151)] SuspendThread: Access is denied. (0x5)
[0826/190159.658:ERROR:process_reader_win.cc(151)] SuspendThread: Access is denied. (0x5)
[0826/190159.658:ERROR:process_reader_win.cc(151)] SuspendThread: Access is denied. (0x5)
[0826/190159.658:ERROR:process_reader_win.cc(151)] SuspendThread: Access is denied. (0x5)
[0826/190159.658:ERROR:exception_snapshot_win.cc(98)] thread ID 18916 not found in process
